[debug] [2022-03-14T13:35:19.668Z] ----------------------------------------------------------------------
[debug] [2022-03-14T13:35:19.670Z] Command:       C:\Program Files\nodejs\node.exe C:\Users\HP\AppData\Roaming\npm\node_modules\firebase-tools\lib\bin\firebase.js deploy
[debug] [2022-03-14T13:35:19.671Z] CLI Version:   10.2.2
[debug] [2022-03-14T13:35:19.671Z] Platform:      win32
[debug] [2022-03-14T13:35:19.671Z] Node Version:  v16.14.0
[debug] [2022-03-14T13:35:19.682Z] Time:          Mon Mar 14 2022 19:05:19 GMT+0530 (India Standard Time)
[debug] [2022-03-14T13:35:19.683Z] ----------------------------------------------------------------------
[debug] 
[debug] [2022-03-14T13:35:19.790Z] > command requires scopes: ["email","openid","https://www.googleapis.com/auth/cloudplatformprojects.readonly","https://www.googleapis.com/auth/firebase","https://www.googleapis.com/auth/cloud-platform"]
[debug] [2022-03-14T13:35:19.790Z] > authorizing via signed-in user (himanshumathur1208@gmail.com)
[debug] [2022-03-14T13:35:19.791Z] [iam] checking project portfolio-app-himanshu for permissions ["firebase.projects.get","firebasehosting.sites.update"]
[debug] [2022-03-14T13:35:19.796Z] > refreshing access token with scopes: []
[debug] [2022-03-14T13:35:19.797Z] >>> HTTP REQUEST POST https://www.googleapis.com/oauth2/v3/token  
 <request body omitted>
[debug] [2022-03-14T13:35:39.060Z] [iam] error while checking permissions, command may fail: FirebaseError: Authentication Error: Your credentials are no longer valid. Please run firebase login --reauth

For CI servers and headless environments, generate a new token with firebase login:ci
[debug] [2022-03-14T13:35:39.061Z] > refreshing access token with scopes: []
[debug] [2022-03-14T13:35:39.061Z] >>> HTTP REQUEST POST https://www.googleapis.com/oauth2/v3/token  
 <request body omitted>
[debug] [2022-03-14T13:35:52.461Z] Authentication Error: Your credentials are no longer valid. Please run firebase login --reauth

For CI servers and headless environments, generate a new token with firebase login:ci
[debug] [2022-03-14T13:36:05.020Z] FirebaseError: Authentication Error: Your credentials are no longer valid. Please run firebase login --reauth

For CI servers and headless environments, generate a new token with firebase login:ci
    at invalidCredentialError (C:\Users\HP\AppData\Roaming\npm\node_modules\firebase-tools\lib\auth.js:145:12)
    at refreshTokens (C:\Users\HP\AppData\Roaming\npm\node_modules\firebase-tools\lib\auth.js:485:15)
    at processTicksAndRejections (node:internal/process/task_queues:96:5)
    at async Client.getAccessToken (C:\Users\HP\AppData\Roaming\npm\node_modules\firebase-tools\lib\apiv2.js:147:23)
    at async Client.addAuthHeader (C:\Users\HP\AppData\Roaming\npm\node_modules\firebase-tools\lib\apiv2.js:138:21)
    at async Client.request (C:\Users\HP\AppData\Roaming\npm\node_modules\firebase-tools\lib\apiv2.js:94:34)
    at async getFirebaseProject (C:\Users\HP\AppData\Roaming\npm\node_modules\firebase-tools\lib\management\projects.js:290:21)
    at async getDefaultHostingSite (C:\Users\HP\AppData\Roaming\npm\node_modules\firebase-tools\lib\getDefaultHostingSite.js:8:21)
    at async requireHostingSite (C:\Users\HP\AppData\Roaming\npm\node_modules\firebase-tools\lib\requireHostingSite.js:9:18)
    at async Object.fn (C:\Users\HP\AppData\Roaming\npm\node_modules\firebase-tools\lib\commands\deploy.js:73:9)
    at async C:\Users\HP\AppData\Roaming\npm\node_modules\firebase-tools\lib\command.js:188:17
[error] 
[error] Error: Failed to get Firebase project portfolio-app-himanshu. Please make sure the project exists and your account has permission to access it.
